<?xml version="1.0" encoding="UTF-8"?>
<!-- Generated by org.testng.reporters.JUnitReportReporter -->
<testsuite hostname="Chinni" failures="0" tests="1" name="testCases.TC004_BrokenLinksPage" time="62.978" errors="0" timestamp="2024-08-25T17:47:18 IST" skipped="0">
  <testcase classname="testCases.TC004_BrokenLinksPage" name="verify_brokenlinks" time="62.978"/>
</testsuite> <!-- testCases.TC004_BrokenLinksPage -->
