<?xml version="1.0" encoding="UTF-8"?>
<!-- Generated by org.testng.reporters.JUnitReportReporter -->
<testsuite hostname="Chinni" failures="0" tests="4" name="testCases.TC003_LoginDDT" time="35.810" errors="0" timestamp="2024-08-27T20:37:42 IST" skipped="0">
  <testcase classname="testCases.TC003_LoginDDT" name="verify_loginDDT" time="14.394"/>
  <testcase classname="testCases.TC003_LoginDDT" name="verify_loginDDT" time="3.603"/>
  <testcase classname="testCases.TC003_LoginDDT" name="verify_loginDDT" time="5.045"/>
  <testcase classname="testCases.TC003_LoginDDT" name="verify_loginDDT" time="12.768"/>
</testsuite> <!-- testCases.TC003_LoginDDT -->
