<?xml version="1.0" encoding="UTF-8"?>
<!-- Generated by org.testng.reporters.JUnitReportReporter -->
<testsuite hostname="Chinni" failures="0" tests="1" name="testCases.TC002_LoginTest" time="1.625" errors="0" timestamp="2024-08-27T20:37:42 IST" skipped="0">
  <testcase classname="testCases.TC002_LoginTest" name="verify_login" time="1.625"/>
</testsuite> <!-- testCases.TC002_LoginTest -->
