<?xml version="1.0" encoding="UTF-8"?>
<!-- Generated by org.testng.reporters.JUnitReportReporter -->
<testsuite hostname="Chinni" failures="0" tests="1" name="testCases.TC004_BrokenLinksPage" time="84.923" errors="0" timestamp="2024-08-27T20:37:42 IST" skipped="0">
  <testcase classname="testCases.TC004_BrokenLinksPage" name="verify_brokenlinks" time="84.923"/>
</testsuite> <!-- testCases.TC004_BrokenLinksPage -->
